{"message":"Error retrieving offline data","level":"error","service":"user-service"}
{"message":"Error retrieving offline data: hourlyweather.json","level":"error","service":"user-service"}
{"message":"Spinning up server","level":"info","service":"user-service"}
{"service":"user-service","hour":1,"minute":30,"level":"info","message":"Got info from DB"}
{"message":"Spinning up server","level":"info","service":"user-service"}
{"service":"user-service","online":true,"level":"info","message":"Got info from DB"}
{"message":"Spinning up server","level":"info","service":"user-service"}
{"service":"user-service","online":true,"level":"info","message":"Got info from DB"}
{"message":"Spinning up server","level":"info","service":"user-service"}
{"service":"user-service","online":true,"level":"info","message":"Got info from DB"}
{"service":"user-service","minute":0,"online":true,"level":"info","message":"Got info from DB"}
{"service":"user-service","hour":0,"minute":0,"online":true,"level":"info","message":"Got info from DB"}
{"service":"user-service","hour":0,"minute":0,"online":false,"level":"info","message":"Got info from DB"}
{"message":"Running type test","level":"info","service":"user-service"}
{"message":"Running generation","level":"info","service":"user-service"}
{"message":"Printing media","level":"info","service":"user-service"}
{"message":"Command failed: lp -o media=Custom.140x443 tmp/1593041529101.pdf\nlp: Error - No default destination.\n","level":"error","service":"user-service"}
{"message":"Running type test","level":"info","service":"user-service","timestamp":"2020-06-24T23:35:00.629Z"}
{"message":"Running generation","level":"info","service":"user-service","timestamp":"2020-06-24T23:35:00.630Z"}
{"message":"Printing media","level":"info","service":"user-service","timestamp":"2020-06-24T23:35:01.076Z"}
{"message":"Command failed: lp -o media=Custom.140x443 tmp/1593041701064.pdf\nlp: Error - No default destination.\n","level":"error","service":"user-service","timestamp":"2020-06-24T23:35:01.129Z"}
{"message":"Running type test","level":"info","service":"user-service","timestamp":"2020-06-24T23:45:48.204Z"}
{"message":"Running generation","level":"info","service":"user-service","timestamp":"2020-06-24T23:45:48.205Z"}
{"message":"Printing media","level":"info","service":"user-service","timestamp":"2020-06-24T23:45:48.704Z"}
{"message":"Command failed: lp -d none -o media=Custom.140x726 tmp/1593042348691.pdf\nlp: No such file or directory\n","level":"error","service":"user-service","timestamp":"2020-06-24T23:45:48.879Z"}
